#
# A fatal error has been detected by the Java Runtime Environment:
#
#  Internal Error (javaClasses.cpp:126), pid=5384, tid=8352
#  fatal error: Invalid layout of preloaded class
#
# JRE version:  (8.0_20-b26) (build )
# Java VM: Java HotSpot(TM) 64-Bit Server VM (25.20-b23 mixed mode windows-amd64 compressed oops)
# Failed to write core dump. Minidumps are not enabled by default on client versions of Windows
#
# If you would like to submit a bug report, please visit:
#   http://bugreport.sun.com/bugreport/crash.jsp
#

---------------  T H R E A D  ---------------

Current thread (0x000000000241e800):  JavaThread "Unknown thread" [_thread_in_vm, id=8352, stack(0x00000000027a0000,0x00000000028a0000)]

Stack: [0x00000000027a0000,0x00000000028a0000]
Native frames: (J=compiled Java code, j=interpreted, Vv=VM code, C=native code)
V  [jvm.dll+0x3152fa]
V  [jvm.dll+0x265d03]
V  [jvm.dll+0x266943]
V  [jvm.dll+0x25e1e6]
V  [jvm.dll+0x5e64c]
V  [jvm.dll+0x5e743]
V  [jvm.dll+0x7316a]
V  [jvm.dll+0x734c8]
V  [jvm.dll+0xe3937]
V  [jvm.dll+0xe3cc6]
V  [jvm.dll+0x1f89d7]
V  [jvm.dll+0x229fc4]
V  [jvm.dll+0x14c6f1]
C  [javaw.exe+0x20c6]
C  [javaw.exe+0xc9eb]
C  [javaw.exe+0xca7f]
C  [kernel32.dll+0x15a4d]
C  [ntdll.dll+0x2b831]


---------------  P R O C E S S  ---------------

Java Threads: ( => current thread )

Other Threads:

=>0x000000000241e800 (exited) JavaThread "Unknown thread" [_thread_in_vm, id=8352, stack(0x00000000027a0000,0x00000000028a0000)]

VM state:not at safepoint (not fully initialized)

VM Mutex/Monitor currently owned by a thread: None

GC Heap History (0 events):
No events

Deoptimization events (0 events):
No events

Internal exceptions (0 events):
No events

Events (10 events):
Event: 0.015 loading class java/lang/CharSequence done
Event: 0.015 loading class java/lang/String done
Event: 0.015 loading class java/lang/Class
Event: 0.015 loading class java/lang/reflect/AnnotatedElement
Event: 0.015 loading class java/lang/reflect/AnnotatedElement done
Event: 0.015 loading class java/lang/reflect/GenericDeclaration
Event: 0.015 loading class java/lang/reflect/GenericDeclaration done
Event: 0.015 loading class java/lang/reflect/Type
Event: 0.015 loading class java/lang/reflect/Type done
Event: 0.015 loading class java/lang/Class done


Dynamic libraries:
0x000000013f5c0000 - 0x000000013f5f4000 	C:\Program Files\Java\jdk1.8.0_20\bin\javaw.exe
0x0000000076fd0000 - 0x0000000077179000 	C:\Windows\SYSTEM32\ntdll.dll
0x0000000076eb0000 - 0x0000000076fd0000 	C:\Windows\system32\kernel32.dll
0x000007fefd0c0000 - 0x000007fefd12c000 	C:\Windows\system32\KERNELBASE.dll
0x000007fefdb80000 - 0x000007fefdc5b000 	C:\Windows\system32\ADVAPI32.dll
0x000007fefdc60000 - 0x000007fefdcff000 	C:\Windows\system32\msvcrt.dll
0x000007fefd810000 - 0x000007fefd82f000 	C:\Windows\SYSTEM32\sechost.dll
0x000007fefd470000 - 0x000007fefd59d000 	C:\Windows\system32\RPCRT4.dll
0x0000000076db0000 - 0x0000000076eaa000 	C:\Windows\system32\USER32.dll
0x000007fefdd20000 - 0x000007fefdd87000 	C:\Windows\system32\GDI32.dll
0x000007feff2d0000 - 0x000007feff2de000 	C:\Windows\system32\LPK.dll
0x000007fefd830000 - 0x000007fefd8f9000 	C:\Windows\system32\USP10.dll
0x000007fefb540000 - 0x000007fefb734000 	C:\Windows\WinSxS\amd64_microsoft.windows.common-controls_6595b64144ccf1df_6.0.7601.18837_none_fa3b1e3d17594757\COMCTL32.dll
0x000007fefd900000 - 0x000007fefd971000 	C:\Windows\system32\SHLWAPI.dll
0x000007fefd780000 - 0x000007fefd7ae000 	C:\Windows\system32\IMM32.DLL
0x000007fefda60000 - 0x000007fefdb69000 	C:\Windows\system32\MSCTF.dll
0x000000005dad0000 - 0x000000005dba2000 	C:\Program Files\Java\jdk1.8.0_20\jre\bin\msvcr100.dll
0x0000000056690000 - 0x0000000056ee8000 	C:\Program Files\Java\jdk1.8.0_20\jre\bin\server\jvm.dll
0x000007fee08d0000 - 0x000007fee08d9000 	C:\Windows\system32\WSOCK32.dll
0x000007fefd420000 - 0x000007fefd46d000 	C:\Windows\system32\WS2_32.dll
0x000007fefdb70000 - 0x000007fefdb78000 	C:\Windows\system32\NSI.dll
0x000007fef1e00000 - 0x000007fef1e3b000 	C:\Windows\system32\WINMM.dll
0x00000000771a0000 - 0x00000000771a7000 	C:\Windows\system32\PSAPI.DLL
0x000000005a840000 - 0x000000005a84f000 	C:\Program Files\Java\jdk1.8.0_20\jre\bin\verify.dll
0x000000005a810000 - 0x000000005a838000 	C:\Program Files\Java\jdk1.8.0_20\jre\bin\java.dll
0x000000005a7f0000 - 0x000000005a806000 	C:\Program Files\Java\jdk1.8.0_20\jre\bin\zip.dll
0x000007feef940000 - 0x000007feefa65000 	C:\Windows\system32\dbghelp.dll

VM Arguments:
jvm_args: -Dfile.encoding=GBK -Xbootclasspath:D:\adt-bundle-windows-x86_64-20140702\sdk\platforms\android-18\android.jar 
java_command: com.example.util.WebUtil
java_class_path (initial): E:\eclipse_workspace\HelloWorld\bin\classes;E:\eclipse_workspace\PullToRefreshListFragment\libs\android-support-v4.jar;E:\eclipse_workspace\PullToRefreshListFragment\bin\pulltorefreshlistfragment.jar;E:\eclipse_workspace\PullToRefreshViewPager\bin\pulltorefreshviewpager.jar;E:\eclipse_workspace\library\bin\library.jar
Launcher Type: SUN_STANDARD

Environment Variables:
JAVA_HOME=C:\Program Files\Java\jdk1.8.0_20
CLASSPATH=.;C:\Program Files\Java\jdk1.8.0_20\lib\dt.jar;C:\Program Files\Java\jdk1.8.0_20\lib\tools.jar;
PATH=C:/Program Files/Java/jdk1.8.0_20/bin/../jre/bin/server;C:/Program Files/Java/jdk1.8.0_20/bin/../jre/bin;C:/Program Files/Java/jdk1.8.0_20/bin/../jre/lib/amd64;C:\Program Files\Java\jdk1.8.0_20\bin;C:\Program Files (x86)\Intel\iCLS Client\;C:\Program Files\Intel\iCLS Client\;C:\Windows\system32;C:\Windows;C:\Windows\System32\Wbem;C:\Windows\System32\WindowsPowerShell\v1.0\;C:\Program Files\Intel\Intel(R) Management Engine Components\DAL;C:\Program Files\Intel\Intel(R) Management Engine Components\IPT;C:\Program Files (x86)\Intel\Intel(R) Management Engine Components\DAL;C:\Program Files (x86)\Intel\Intel(R) Management Engine Components\IPT;C:\Windows\system32\config\systemprofile\.dnx\bin;C:\Program Files\Microsoft DNX\Dnvm\;C:\Program Files (x86)\MySQL\MySQL Fabric 1.5.4 & MySQL Utilities 1.5.4 1.5\;C:\Program Files (x86)\MySQL\MySQL Fabric 1.5.4 & MySQL Utilities 1.5.4 1.5\Doctrine extensions for PHP\;C:\Program Files\Microsoft SQL Server\110\DTS\Binn\;C:\Program Files (x86)\Microsoft SQL Server\110\Tools\Binn\;C:\Program Files\Microsoft SQL Server\110\Tools\Binn\;C:\Program Files (x86)\Microsoft SQL Server\110\Tools\Binn\ManagementStudio\;C:\Program Files (x86)\Microsoft Visual Studio 10.0\Common7\IDE\PrivateAssemblies\;C:\Program Files (x86)\Microsoft SQL Server\110\DTS\Binn\;D:\Python27;D:\adt-bundle-windows-x86_64-20140702\eclipse;
USERNAME=yeye
OS=Windows_NT
PROCESSOR_IDENTIFIER=Intel64 Family 6 Model 58 Stepping 9, GenuineIntel



---------------  S Y S T E M  ---------------

OS: Windows 7 , 64 bit Build 7601 Service Pack 1

CPU:total 4 (4 cores per cpu, 1 threads per core) family 6 model 58 stepping 9, cmov, cx8, fxsr, mmx, sse, sse2, sse3, ssse3, sse4.1, sse4.2, popcnt, avx, aes, clmul, erms, tsc, tscinvbit, tscinv

Memory: 4k page, physical 4085112k(840240k free), swap 8836820k(1596516k free)

vm_info: Java HotSpot(TM) 64-Bit Server VM (25.20-b23) for windows-amd64 JRE (1.8.0_20-b26), built on Jul 30 2014 13:51:23 by "java_re" with MS VC++ 10.0 (VS2010)

time: Thu Oct 22 10:38:41 2015
elapsed time: 0 seconds (0d 0h 0m 0s)

